app/build/intermediates/manifest_merge_blame_file/debug/manifest-merger-blame-debug-report.txt
1<?xml version="1.0" encoding="utf-8"?>
2<manifest xmlns:android="http://schemas.android.com/apk/res/android"
3    package="com.dar24.app"
4    android:versionCode="10"
5    android:versionName="1.1.1" >
6
7    <uses-sdk
8        android:minSdkVersion="16"
8-->src/main/AndroidManifest.xml
9        android:targetSdkVersion="27" />
9-->src/main/AndroidManifest.xml
10
11    <uses-permission android:name="android.permission.ACCESS_NETWORK_STATE" />
11-->src/main/AndroidManifest.xml:5:5-79
11-->src/main/AndroidManifest.xml:5:22-76
12    <uses-permission android:name="android.permission.INTERNET" />
12-->src/main/AndroidManifest.xml:6:5-67
12-->src/main/AndroidManifest.xml:6:22-64
13
14    <!-- Create a unique permission for your app and use it so only your app can receive your OneSignal messages. -->
15    <permission
15-->[com.onesignal:OneSignal:3.10.7] AndroidManifest.xml:8:5-10:47
16        android:name="com.dar24.app.permission.C2D_MESSAGE"
16-->[com.onesignal:OneSignal:3.10.7] AndroidManifest.xml:9:9-63
17        android:protectionLevel="signature" />
17-->[com.onesignal:OneSignal:3.10.7] AndroidManifest.xml:10:9-44
18
19    <uses-permission android:name="com.dar24.app.permission.C2D_MESSAGE" />
19-->[com.onesignal:OneSignal:3.10.7] AndroidManifest.xml:12:5-79
19-->[com.onesignal:OneSignal:3.10.7] AndroidManifest.xml:12:22-76
20    <uses-permission android:name="com.google.android.c2dm.permission.RECEIVE" /> <!-- Required, makes sure notifications are delivered on time. -->
20-->[com.onesignal:OneSignal:3.10.7] AndroidManifest.xml:18:5-82
20-->[com.onesignal:OneSignal:3.10.7] AndroidManifest.xml:18:22-79
21    <uses-permission android:name="android.permission.WAKE_LOCK" />
21-->[com.onesignal:OneSignal:3.10.7] AndroidManifest.xml:19:5-68
21-->[com.onesignal:OneSignal:3.10.7] AndroidManifest.xml:19:22-65
22    <!--
23 Required so the device vibrates on receiving a push notification.
24         Vibration settings of the device still apply.
25    -->
26    <uses-permission android:name="android.permission.VIBRATE" />
26-->[com.onesignal:OneSignal:3.10.7] AndroidManifest.xml:24:5-66
26-->[com.onesignal:OneSignal:3.10.7] AndroidManifest.xml:24:22-63
27    <!--
28 Use to restore notifications the user hasn't interacted with.
29         They could be missed notifications if the user reboots their device if this isn't in place.
30    -->
31    <uses-permission android:name="android.permission.RECEIVE_BOOT_COMPLETED" /> <!-- START: ShortcutBadger -->
31-->[com.onesignal:OneSignal:3.10.7] AndroidManifest.xml:30:5-81
31-->[com.onesignal:OneSignal:3.10.7] AndroidManifest.xml:30:22-78
32    <!-- Samsung -->
33    <uses-permission android:name="com.sec.android.provider.badge.permission.READ" />
33-->[com.onesignal:OneSignal:3.10.7] AndroidManifest.xml:32:5-86
33-->[com.onesignal:OneSignal:3.10.7] AndroidManifest.xml:32:22-83
34    <uses-permission android:name="com.sec.android.provider.badge.permission.WRITE" /> <!-- HTC -->
34-->[com.onesignal:OneSignal:3.10.7] AndroidManifest.xml:33:5-87
34-->[com.onesignal:OneSignal:3.10.7] AndroidManifest.xml:33:22-84
35    <uses-permission android:name="com.htc.launcher.permission.READ_SETTINGS" />
35-->[com.onesignal:OneSignal:3.10.7] AndroidManifest.xml:34:5-81
35-->[com.onesignal:OneSignal:3.10.7] AndroidManifest.xml:34:22-78
36    <uses-permission android:name="com.htc.launcher.permission.UPDATE_SHORTCUT" /> <!-- Sony -->
36-->[com.onesignal:OneSignal:3.10.7] AndroidManifest.xml:35:5-83
36-->[com.onesignal:OneSignal:3.10.7] AndroidManifest.xml:35:22-80
37    <uses-permission android:name="com.sonyericsson.home.permission.BROADCAST_BADGE" />
37-->[com.onesignal:OneSignal:3.10.7] AndroidManifest.xml:36:5-88
37-->[com.onesignal:OneSignal:3.10.7] AndroidManifest.xml:36:22-85
38    <uses-permission android:name="com.sonymobile.home.permission.PROVIDER_INSERT_BADGE" /> <!-- Apex -->
38-->[com.onesignal:OneSignal:3.10.7] AndroidManifest.xml:37:5-92
38-->[com.onesignal:OneSignal:3.10.7] AndroidManifest.xml:37:22-89
39    <uses-permission android:name="com.anddoes.launcher.permission.UPDATE_COUNT" /> <!-- Solid -->
39-->[com.onesignal:OneSignal:3.10.7] AndroidManifest.xml:38:5-84
39-->[com.onesignal:OneSignal:3.10.7] AndroidManifest.xml:38:22-81
40    <uses-permission android:name="com.majeur.launcher.permission.UPDATE_BADGE" /> <!-- Huawei -->
40-->[com.onesignal:OneSignal:3.10.7] AndroidManifest.xml:39:5-83
40-->[com.onesignal:OneSignal:3.10.7] AndroidManifest.xml:39:22-80
41    <uses-permission android:name="com.huawei.android.launcher.permission.CHANGE_BADGE" />
41-->[com.onesignal:OneSignal:3.10.7] AndroidManifest.xml:40:5-91
41-->[com.onesignal:OneSignal:3.10.7] AndroidManifest.xml:40:22-88
42    <uses-permission android:name="com.huawei.android.launcher.permission.READ_SETTINGS" />
42-->[com.onesignal:OneSignal:3.10.7] AndroidManifest.xml:41:5-92
42-->[com.onesignal:OneSignal:3.10.7] AndroidManifest.xml:41:22-89
43    <uses-permission android:name="com.huawei.android.launcher.permission.WRITE_SETTINGS" /> <!-- ZUK -->
43-->[com.onesignal:OneSignal:3.10.7] AndroidManifest.xml:42:5-93
43-->[com.onesignal:OneSignal:3.10.7] AndroidManifest.xml:42:22-90
44    <uses-permission android:name="android.permission.READ_APP_BADGE" /> <!-- OPPO -->
44-->[com.onesignal:OneSignal:3.10.7] AndroidManifest.xml:43:5-73
44-->[com.onesignal:OneSignal:3.10.7] AndroidManifest.xml:43:22-70
45    <uses-permission android:name="com.oppo.launcher.permission.READ_SETTINGS" />
45-->[com.onesignal:OneSignal:3.10.7] AndroidManifest.xml:44:5-82
45-->[com.onesignal:OneSignal:3.10.7] AndroidManifest.xml:44:22-79
46    <uses-permission android:name="com.oppo.launcher.permission.WRITE_SETTINGS" /> <!-- EvMe -->
46-->[com.onesignal:OneSignal:3.10.7] AndroidManifest.xml:45:5-83
46-->[com.onesignal:OneSignal:3.10.7] AndroidManifest.xml:45:22-80
47    <uses-permission android:name="me.everything.badger.permission.BADGE_COUNT_READ" />
47-->[com.onesignal:OneSignal:3.10.7] AndroidManifest.xml:46:5-88
47-->[com.onesignal:OneSignal:3.10.7] AndroidManifest.xml:46:22-85
48    <uses-permission android:name="me.everything.badger.permission.BADGE_COUNT_WRITE" />
48-->[com.onesignal:OneSignal:3.10.7] AndroidManifest.xml:47:5-89
48-->[com.onesignal:OneSignal:3.10.7] AndroidManifest.xml:47:22-86
49    <uses-permission android:name="com.google.android.finsky.permission.BIND_GET_INSTALL_REFERRER_SERVICE" />
49-->[com.google.android.gms:play-services-measurement:16.4.0] AndroidManifest.xml:26:5-110
49-->[com.google.android.gms:play-services-measurement:16.4.0] AndroidManifest.xml:26:22-107
50
51    <application
51-->src/main/AndroidManifest.xml:8:5-60:19
52        android:name="com.dar24.app.DarApplication"
52-->src/main/AndroidManifest.xml:9:9-39
53        android:allowBackup="true"
53-->src/main/AndroidManifest.xml:10:9-35
54        android:debuggable="true"
55        android:icon="@mipmap/ic_launcher"
55-->src/main/AndroidManifest.xml:11:9-43
56        android:label="@string/app_name"
56-->src/main/AndroidManifest.xml:12:9-41
57        android:roundIcon="@mipmap/ic_launcher_round"
57-->src/main/AndroidManifest.xml:13:9-54
58        android:supportsRtl="true"
58-->src/main/AndroidManifest.xml:14:9-35
59        android:testOnly="true"
60        android:theme="@style/AppThemeLauncher" >
60-->src/main/AndroidManifest.xml:15:9-48
61        <meta-data
61-->src/main/AndroidManifest.xml:17:9-102
62            android:name="com.onesignal.NotificationOpened.DEFAULT"
62-->src/main/AndroidManifest.xml:17:20-75
63            android:value="DISABLE" />
63-->src/main/AndroidManifest.xml:17:76-99
64        <meta-data
64-->src/main/AndroidManifest.xml:18:9-20:69
65            android:name="com.google.android.gms.ads.APPLICATION_ID"
65-->src/main/AndroidManifest.xml:19:13-69
66            android:value="ca-app-pub-7242052832694019~7514648899" />
66-->src/main/AndroidManifest.xml:20:13-67
67
68        <activity
68-->src/main/AndroidManifest.xml:22:9-30:20
69            android:name="com.dar24.app.activity.MainActivity"
69-->src/main/AndroidManifest.xml:22:19-56
70            android:launchMode="singleTop"
70-->src/main/AndroidManifest.xml:23:13-43
71            android:screenOrientation="portrait" >
71-->src/main/AndroidManifest.xml:24:13-49
72            <intent-filter>
72-->src/main/AndroidManifest.xml:25:13-29:29
73                <action android:name="android.intent.action.MAIN" />
73-->src/main/AndroidManifest.xml:26:17-69
73-->src/main/AndroidManifest.xml:26:25-66
74
75                <category android:name="android.intent.category.LAUNCHER" />
75-->src/main/AndroidManifest.xml:28:17-77
75-->src/main/AndroidManifest.xml:28:27-74
76            </intent-filter>
77        </activity>
78        <activity
78-->src/main/AndroidManifest.xml:31:9-32:61
79            android:name="com.dar24.app.activity.SearchActivity"
79-->src/main/AndroidManifest.xml:31:19-58
80            android:screenOrientation="portrait" />
80-->src/main/AndroidManifest.xml:32:13-49
81        <activity
81-->src/main/AndroidManifest.xml:33:9-34:61
82            android:name="com.dar24.app.activity.NewsDetailActivity"
82-->src/main/AndroidManifest.xml:33:19-62
83            android:screenOrientation="portrait" />
83-->src/main/AndroidManifest.xml:34:13-49
84        <activity
84-->src/main/AndroidManifest.xml:35:9-36:61
85            android:name="com.dar24.app.activity.SettingActivity"
85-->src/main/AndroidManifest.xml:35:19-59
86            android:screenOrientation="portrait" />
86-->src/main/AndroidManifest.xml:36:13-49
87        <activity
87-->src/main/AndroidManifest.xml:37:9-38:61
88            android:name="com.dar24.app.activity.AboutActivity"
88-->src/main/AndroidManifest.xml:37:19-57
89            android:screenOrientation="portrait" />
89-->src/main/AndroidManifest.xml:38:13-49
90        <activity
90-->src/main/AndroidManifest.xml:39:9-40:61
91            android:name="com.dar24.app.activity.CommentActivity"
91-->src/main/AndroidManifest.xml:39:19-59
92            android:screenOrientation="portrait" />
92-->src/main/AndroidManifest.xml:40:13-49
93        <activity
93-->src/main/AndroidManifest.xml:41:9-42:61
94            android:name="com.dar24.app.activity.WebActivity"
94-->src/main/AndroidManifest.xml:41:19-55
95            android:screenOrientation="portrait" />
95-->src/main/AndroidManifest.xml:42:13-49
96        <activity
96-->src/main/AndroidManifest.xml:43:9-44:61
97            android:name="com.dar24.app.activity.SubscribeActivity"
97-->src/main/AndroidManifest.xml:43:19-61
98            android:screenOrientation="portrait" />
98-->src/main/AndroidManifest.xml:44:13-49
99        <activity
99-->src/main/AndroidManifest.xml:45:9-46:61
100            android:name="com.dar24.app.activity.PlaylistVideoActivity"
100-->src/main/AndroidManifest.xml:45:19-65
101            android:screenOrientation="portrait" />
101-->src/main/AndroidManifest.xml:46:13-49
102        <activity
102-->src/main/AndroidManifest.xml:47:9-48:61
103            android:name="com.dar24.app.activity.PhotoViewActivity"
103-->src/main/AndroidManifest.xml:47:19-61
104            android:screenOrientation="portrait" />
104-->src/main/AndroidManifest.xml:48:13-49
105        <activity
105-->src/main/AndroidManifest.xml:49:9-50:61
106            android:name="com.dar24.app.activity.NewsRelatedDetailActivity"
106-->src/main/AndroidManifest.xml:49:19-69
107            android:screenOrientation="portrait" />
107-->src/main/AndroidManifest.xml:50:13-49
108
109        <service
109-->src/main/AndroidManifest.xml:52:9-59:19
110            android:name="com.dar24.app.notification.MyNotificationExtender"
110-->src/main/AndroidManifest.xml:53:13-64
111            android:exported="false"
111-->src/main/AndroidManifest.xml:55:13-37
112            android:permission="android.permission.BIND_JOB_SERVICE" >
112-->src/main/AndroidManifest.xml:54:13-69
113            <intent-filter>
113-->src/main/AndroidManifest.xml:56:13-58:29
114                <action android:name="com.onesignal.NotificationExtender" />
114-->src/main/AndroidManifest.xml:57:17-77
114-->src/main/AndroidManifest.xml:57:25-74
115            </intent-filter>
116        </service>
117
118        <provider
118-->[com.squareup.picasso:picasso:2.71828] AndroidManifest.xml:8:9-11:40
119            android:name="com.squareup.picasso.PicassoProvider"
119-->[com.squareup.picasso:picasso:2.71828] AndroidManifest.xml:9:13-64
120            android:authorities="com.dar24.app.com.squareup.picasso"
120-->[com.squareup.picasso:picasso:2.71828] AndroidManifest.xml:10:13-72
121            android:exported="false" />
121-->[com.squareup.picasso:picasso:2.71828] AndroidManifest.xml:11:13-37
122
123        <meta-data
123-->[com.onesignal:OneSignal:3.10.7] AndroidManifest.xml:50:9-52:51
124            android:name="onesignal_app_id"
124-->[com.onesignal:OneSignal:3.10.7] AndroidManifest.xml:51:13-44
125            android:value="491025e0-dc59-4019-b614-bde1da8ede15" /> <!-- Deprecated - Pulled from OneSignal dashboard. -->
125-->[com.onesignal:OneSignal:3.10.7] AndroidManifest.xml:52:13-48
126        <meta-data
126-->[com.onesignal:OneSignal:3.10.7] AndroidManifest.xml:54:9-56:70
127            android:name="onesignal_google_project_number"
127-->[com.onesignal:OneSignal:3.10.7] AndroidManifest.xml:55:13-59
128            android:value="str:REMOTE" />
128-->[com.onesignal:OneSignal:3.10.7] AndroidManifest.xml:56:13-67
129
130        <receiver
130-->[com.onesignal:OneSignal:3.10.7] AndroidManifest.xml:58:9-68:20
131            android:name="com.onesignal.GcmBroadcastReceiver"
131-->[com.onesignal:OneSignal:3.10.7] AndroidManifest.xml:59:13-62
132            android:permission="com.google.android.c2dm.permission.SEND" >
132-->[com.onesignal:OneSignal:3.10.7] AndroidManifest.xml:60:13-73
133
134            <!-- High priority so OneSignal payloads can be filtered from other GCM receivers if filterOtherGCMReceivers is enabled. -->
135            <intent-filter android:priority="999" >
135-->[com.onesignal:OneSignal:3.10.7] AndroidManifest.xml:63:13-67:29
135-->[com.onesignal:OneSignal:3.10.7] AndroidManifest.xml:63:28-50
136                <action android:name="com.google.android.c2dm.intent.RECEIVE" />
136-->[com.onesignal:OneSignal:3.10.7] AndroidManifest.xml:64:17-81
136-->[com.onesignal:OneSignal:3.10.7] AndroidManifest.xml:64:25-78
137
138                <category android:name="com.dar24.app" />
138-->[com.onesignal:OneSignal:3.10.7] AndroidManifest.xml:66:17-61
138-->[com.onesignal:OneSignal:3.10.7] AndroidManifest.xml:66:27-58
139            </intent-filter>
140        </receiver>
141        <receiver android:name="com.onesignal.NotificationOpenedReceiver" />
141-->[com.onesignal:OneSignal:3.10.7] AndroidManifest.xml:69:9-77
141-->[com.onesignal:OneSignal:3.10.7] AndroidManifest.xml:69:19-74
142
143        <service android:name="com.onesignal.GcmIntentService" />
143-->[com.onesignal:OneSignal:3.10.7] AndroidManifest.xml:71:9-66
143-->[com.onesignal:OneSignal:3.10.7] AndroidManifest.xml:71:18-63
144        <service
144-->[com.onesignal:OneSignal:3.10.7] AndroidManifest.xml:72:9-74:72
145            android:name="com.onesignal.GcmIntentJobService"
145-->[com.onesignal:OneSignal:3.10.7] AndroidManifest.xml:73:13-61
146            android:permission="android.permission.BIND_JOB_SERVICE" />
146-->[com.onesignal:OneSignal:3.10.7] AndroidManifest.xml:74:13-69
147        <service
147-->[com.onesignal:OneSignal:3.10.7] AndroidManifest.xml:75:9-77:72
148            android:name="com.onesignal.RestoreJobService"
148-->[com.onesignal:OneSignal:3.10.7] AndroidManifest.xml:76:13-59
149            android:permission="android.permission.BIND_JOB_SERVICE" />
149-->[com.onesignal:OneSignal:3.10.7] AndroidManifest.xml:77:13-69
150        <service
150-->[com.onesignal:OneSignal:3.10.7] AndroidManifest.xml:78:9-80:72
151            android:name="com.onesignal.RestoreKickoffJobService"
151-->[com.onesignal:OneSignal:3.10.7] AndroidManifest.xml:79:13-66
152            android:permission="android.permission.BIND_JOB_SERVICE" />
152-->[com.onesignal:OneSignal:3.10.7] AndroidManifest.xml:80:13-69
153        <service
153-->[com.onesignal:OneSignal:3.10.7] AndroidManifest.xml:81:9-83:43
154            android:name="com.onesignal.SyncService"
154-->[com.onesignal:OneSignal:3.10.7] AndroidManifest.xml:82:13-53
155            android:stopWithTask="true" />
155-->[com.onesignal:OneSignal:3.10.7] AndroidManifest.xml:83:13-40
156        <service
156-->[com.onesignal:OneSignal:3.10.7] AndroidManifest.xml:84:9-86:72
157            android:name="com.onesignal.SyncJobService"
157-->[com.onesignal:OneSignal:3.10.7] AndroidManifest.xml:85:13-56
158            android:permission="android.permission.BIND_JOB_SERVICE" />
158-->[com.onesignal:OneSignal:3.10.7] AndroidManifest.xml:86:13-69
159
160        <activity
160-->[com.onesignal:OneSignal:3.10.7] AndroidManifest.xml:88:9-90:75
161            android:name="com.onesignal.PermissionsActivity"
161-->[com.onesignal:OneSignal:3.10.7] AndroidManifest.xml:89:13-61
162            android:theme="@android:style/Theme.Translucent.NoTitleBar" />
162-->[com.onesignal:OneSignal:3.10.7] AndroidManifest.xml:90:13-72
163
164        <service android:name="com.onesignal.NotificationRestoreService" />
164-->[com.onesignal:OneSignal:3.10.7] AndroidManifest.xml:92:9-76
164-->[com.onesignal:OneSignal:3.10.7] AndroidManifest.xml:92:18-73
165
166        <receiver android:name="com.onesignal.BootUpReceiver" >
166-->[com.onesignal:OneSignal:3.10.7] AndroidManifest.xml:94:9-99:20
166-->[com.onesignal:OneSignal:3.10.7] AndroidManifest.xml:94:19-62
167            <intent-filter>
167-->[com.onesignal:OneSignal:3.10.7] AndroidManifest.xml:95:13-98:29
168                <action android:name="android.intent.action.BOOT_COMPLETED" />
168-->[com.onesignal:OneSignal:3.10.7] AndroidManifest.xml:96:17-79
168-->[com.onesignal:OneSignal:3.10.7] AndroidManifest.xml:96:25-76
169                <action android:name="android.intent.action.QUICKBOOT_POWERON" />
169-->[com.onesignal:OneSignal:3.10.7] AndroidManifest.xml:97:17-82
169-->[com.onesignal:OneSignal:3.10.7] AndroidManifest.xml:97:25-79
170            </intent-filter>
171        </receiver>
172        <receiver android:name="com.onesignal.UpgradeReceiver" >
172-->[com.onesignal:OneSignal:3.10.7] AndroidManifest.xml:100:9-104:20
172-->[com.onesignal:OneSignal:3.10.7] AndroidManifest.xml:100:19-63
173            <intent-filter>
173-->[com.onesignal:OneSignal:3.10.7] AndroidManifest.xml:101:13-103:29
174                <action android:name="android.intent.action.MY_PACKAGE_REPLACED" />
174-->[com.onesignal:OneSignal:3.10.7] AndroidManifest.xml:102:17-84
174-->[com.onesignal:OneSignal:3.10.7] AndroidManifest.xml:102:25-81
175            </intent-filter>
176        </receiver>
177        <!--
178             FirebaseMessagingService performs security checks at runtime,
179             but set to not exported to explicitly avoid allowing another app to call it.
180        -->
181        <service
181-->[com.google.firebase:firebase-messaging:17.5.0] AndroidManifest.xml:28:9-34:19
182            android:name="com.google.firebase.messaging.FirebaseMessagingService"
182-->[com.google.firebase:firebase-messaging:17.5.0] AndroidManifest.xml:29:13-82
183            android:exported="true" >
183-->[com.google.firebase:firebase-messaging:17.5.0] AndroidManifest.xml:30:13-36
184            <intent-filter android:priority="-500" >
184-->[com.google.firebase:firebase-messaging:17.5.0] AndroidManifest.xml:31:13-33:29
184-->[com.google.firebase:firebase-messaging:17.5.0] AndroidManifest.xml:31:28-51
185                <action android:name="com.google.firebase.MESSAGING_EVENT" />
185-->[com.google.firebase:firebase-messaging:17.5.0] AndroidManifest.xml:32:17-78
185-->[com.google.firebase:firebase-messaging:17.5.0] AndroidManifest.xml:32:25-75
186            </intent-filter>
187        </service>
188
189        <provider
189-->[com.crashlytics.sdk.android:crashlytics:2.9.9] AndroidManifest.xml:12:9-16:38
190            android:name="com.crashlytics.android.CrashlyticsInitProvider"
190-->[com.crashlytics.sdk.android:crashlytics:2.9.9] AndroidManifest.xml:13:13-75
191            android:authorities="com.dar24.app.crashlyticsinitprovider"
191-->[com.crashlytics.sdk.android:crashlytics:2.9.9] AndroidManifest.xml:14:13-75
192            android:exported="false"
192-->[com.crashlytics.sdk.android:crashlytics:2.9.9] AndroidManifest.xml:15:13-37
193            android:initOrder="90" />
193-->[com.crashlytics.sdk.android:crashlytics:2.9.9] AndroidManifest.xml:16:13-35
194
195        <service
195-->[com.google.firebase:firebase-config:16.4.1] AndroidManifest.xml:8:9-12:19
196            android:name="com.google.firebase.components.ComponentDiscoveryService"
196-->[com.google.firebase:firebase-config:16.4.1] AndroidManifest.xml:8:18-89
197            android:exported="false" >
197-->[com.google.android.gms:play-services-measurement-api:16.4.0] AndroidManifest.xml:29:13-37
198            <meta-data
198-->[com.google.firebase:firebase-config:16.4.1] AndroidManifest.xml:9:13-11:85
199                android:name="com.google.firebase.components:com.google.firebase.remoteconfig.RemoteConfigRegistrar"
199-->[com.google.firebase:firebase-config:16.4.1] AndroidManifest.xml:10:17-117
200                android:value="com.google.firebase.components.ComponentRegistrar" />
200-->[com.google.firebase:firebase-config:16.4.1] AndroidManifest.xml:11:17-82
201            <meta-data
201-->[com.google.android.gms:play-services-measurement-api:16.4.0] AndroidManifest.xml:30:13-32:85
202                android:name="com.google.firebase.components:com.google.firebase.analytics.connector.internal.AnalyticsConnectorRegistrar"
202-->[com.google.android.gms:play-services-measurement-api:16.4.0] AndroidManifest.xml:31:17-139
203                android:value="com.google.firebase.components.ComponentRegistrar" />
203-->[com.google.android.gms:play-services-measurement-api:16.4.0] AndroidManifest.xml:32:17-82
204            <meta-data
204-->[com.google.firebase:firebase-iid:17.1.1] AndroidManifest.xml:32:13-34:85
205                android:name="com.google.firebase.components:com.google.firebase.iid.Registrar"
205-->[com.google.firebase:firebase-iid:17.1.1] AndroidManifest.xml:33:17-96
206                android:value="com.google.firebase.components.ComponentRegistrar" />
206-->[com.google.firebase:firebase-iid:17.1.1] AndroidManifest.xml:34:17-82
207            <meta-data
207-->[com.google.firebase:firebase-abt:17.1.0] AndroidManifest.xml:9:13-11:85
208                android:name="com.google.firebase.components:com.google.firebase.abt.component.AbtRegistrar"
208-->[com.google.firebase:firebase-abt:17.1.0] AndroidManifest.xml:10:17-109
209                android:value="com.google.firebase.components.ComponentRegistrar" />
209-->[com.google.firebase:firebase-abt:17.1.0] AndroidManifest.xml:11:17-82
210        </service>
211
212        <receiver
212-->[com.google.firebase:firebase-iid:17.1.1] AndroidManifest.xml:37:9-44:20
213            android:name="com.google.firebase.iid.FirebaseInstanceIdReceiver"
213-->[com.google.firebase:firebase-iid:17.1.1] AndroidManifest.xml:38:13-78
214            android:exported="true"
214-->[com.google.firebase:firebase-iid:17.1.1] AndroidManifest.xml:39:13-36
215            android:permission="com.google.android.c2dm.permission.SEND" >
215-->[com.google.firebase:firebase-iid:17.1.1] AndroidManifest.xml:40:13-73
216            <intent-filter>
216-->[com.google.firebase:firebase-iid:17.1.1] AndroidManifest.xml:41:13-43:29
217                <action android:name="com.google.android.c2dm.intent.RECEIVE" />
217-->[com.onesignal:OneSignal:3.10.7] AndroidManifest.xml:64:17-81
217-->[com.onesignal:OneSignal:3.10.7] AndroidManifest.xml:64:25-78
218            </intent-filter>
219        </receiver>
220        <!--
221             FirebaseInstanceIdService performs security checks at runtime,
222             no need for explicit permissions despite exported="true"
223        -->
224        <service
224-->[com.google.firebase:firebase-iid:17.1.1] AndroidManifest.xml:50:9-56:19
225            android:name="com.google.firebase.iid.FirebaseInstanceIdService"
225-->[com.google.firebase:firebase-iid:17.1.1] AndroidManifest.xml:51:13-77
226            android:exported="true" >
226-->[com.google.firebase:firebase-iid:17.1.1] AndroidManifest.xml:52:13-36
227            <intent-filter android:priority="-500" >
227-->[com.google.firebase:firebase-iid:17.1.1] AndroidManifest.xml:53:13-55:29
227-->[com.google.firebase:firebase-iid:17.1.1] AndroidManifest.xml:53:28-51
228                <action android:name="com.google.firebase.INSTANCE_ID_EVENT" />
228-->[com.google.firebase:firebase-iid:17.1.1] AndroidManifest.xml:54:17-80
228-->[com.google.firebase:firebase-iid:17.1.1] AndroidManifest.xml:54:25-77
229            </intent-filter>
230        </service>
231
232        <provider
232-->[com.google.firebase:firebase-common:16.1.0] AndroidManifest.xml:12:9-16:39
233            android:name="com.google.firebase.provider.FirebaseInitProvider"
233-->[com.google.firebase:firebase-common:16.1.0] AndroidManifest.xml:13:13-77
234            android:authorities="com.dar24.app.firebaseinitprovider"
234-->[com.google.firebase:firebase-common:16.1.0] AndroidManifest.xml:14:13-72
235            android:exported="false"
235-->[com.google.firebase:firebase-common:16.1.0] AndroidManifest.xml:15:13-37
236            android:initOrder="100" />
236-->[com.google.firebase:firebase-common:16.1.0] AndroidManifest.xml:16:13-36
237
238        <activity
238-->[com.google.android.gms:play-services-base:16.0.1] AndroidManifest.xml:23:9-26:75
239            android:name="com.google.android.gms.common.api.GoogleApiActivity"
239-->[com.google.android.gms:play-services-base:16.0.1] AndroidManifest.xml:24:13-79
240            android:exported="false"
240-->[com.google.android.gms:play-services-base:16.0.1] AndroidManifest.xml:25:13-37
241            android:theme="@android:style/Theme.Translucent.NoTitleBar" />
241-->[com.google.android.gms:play-services-base:16.0.1] AndroidManifest.xml:26:13-72
242
243        <receiver
243-->[com.google.android.gms:play-services-measurement:16.4.0] AndroidManifest.xml:29:9-33:20
244            android:name="com.google.android.gms.measurement.AppMeasurementReceiver"
244-->[com.google.android.gms:play-services-measurement:16.4.0] AndroidManifest.xml:30:13-85
245            android:enabled="true"
245-->[com.google.android.gms:play-services-measurement:16.4.0] AndroidManifest.xml:31:13-35
246            android:exported="false" >
246-->[com.google.android.gms:play-services-measurement:16.4.0] AndroidManifest.xml:32:13-37
247        </receiver>
248        <receiver
248-->[com.google.android.gms:play-services-measurement:16.4.0] AndroidManifest.xml:34:9-42:20
249            android:name="com.google.android.gms.measurement.AppMeasurementInstallReferrerReceiver"
249-->[com.google.android.gms:play-services-measurement:16.4.0] AndroidManifest.xml:35:13-100
250            android:enabled="true"
250-->[com.google.android.gms:play-services-measurement:16.4.0] AndroidManifest.xml:36:13-35
251            android:exported="true"
251-->[com.google.android.gms:play-services-measurement:16.4.0] AndroidManifest.xml:37:13-36
252            android:permission="android.permission.INSTALL_PACKAGES" >
252-->[com.google.android.gms:play-services-measurement:16.4.0] AndroidManifest.xml:38:13-69
253            <intent-filter>
253-->[com.google.android.gms:play-services-measurement:16.4.0] AndroidManifest.xml:39:13-41:29
254                <action android:name="com.android.vending.INSTALL_REFERRER" />
254-->[com.google.android.gms:play-services-measurement:16.4.0] AndroidManifest.xml:40:17-79
254-->[com.google.android.gms:play-services-measurement:16.4.0] AndroidManifest.xml:40:25-76
255            </intent-filter>
256        </receiver>
257
258        <service
258-->[com.google.android.gms:play-services-measurement:16.4.0] AndroidManifest.xml:44:9-47:40
259            android:name="com.google.android.gms.measurement.AppMeasurementService"
259-->[com.google.android.gms:play-services-measurement:16.4.0] AndroidManifest.xml:45:13-84
260            android:enabled="true"
260-->[com.google.android.gms:play-services-measurement:16.4.0] AndroidManifest.xml:46:13-35
261            android:exported="false" />
261-->[com.google.android.gms:play-services-measurement:16.4.0] AndroidManifest.xml:47:13-37
262        <service
262-->[com.google.android.gms:play-services-measurement:16.4.0] AndroidManifest.xml:48:9-52:72
263            android:name="com.google.android.gms.measurement.AppMeasurementJobService"
263-->[com.google.android.gms:play-services-measurement:16.4.0] AndroidManifest.xml:49:13-87
264            android:enabled="true"
264-->[com.google.android.gms:play-services-measurement:16.4.0] AndroidManifest.xml:50:13-35
265            android:exported="false"
265-->[com.google.android.gms:play-services-measurement:16.4.0] AndroidManifest.xml:51:13-37
266            android:permission="android.permission.BIND_JOB_SERVICE" /> <!-- Include the AdActivity and InAppPurchaseActivity configChanges and themes. -->
266-->[com.google.android.gms:play-services-measurement:16.4.0] AndroidManifest.xml:52:13-69
267        <activity
267-->[com.google.android.gms:play-services-ads-lite:17.2.0] AndroidManifest.xml:29:9-33:64
268            android:name="com.google.android.gms.ads.AdActivity"
268-->[com.google.android.gms:play-services-ads-lite:17.2.0] AndroidManifest.xml:30:13-65
269            android:configChanges="keyboard|keyboardHidden|orientation|screenLayout|uiMode|screenSize|smallestScreenSize"
269-->[com.google.android.gms:play-services-ads-lite:17.2.0] AndroidManifest.xml:31:13-122
270            android:exported="false"
270-->[com.google.android.gms:play-services-ads-lite:17.2.0] AndroidManifest.xml:32:13-37